Using Spark's default log4j profile: org/apache/spark/log4j-defaults.properties
+----+----+----+----+-------+----+
|班级|姓名|年龄|性别|科目   |成绩|
+----+----+----+----+-------+----+
|12  |宋江|25  |男  |chinese|50  |
|12  |宋江|25  |男  |math   |60  |
|12  |宋江|25  |男  |english|70  |
|12  |吴用|20  |男  |chinese|50  |
|12  |吴用|20  |男  |math   |50  |
|12  |吴用|20  |男  |english|50  |
|12  |杨春|19  |女  |chinese|70  |
|12  |杨春|19  |女  |math   |70  |
|12  |杨春|19  |女  |english|70  |
|13  |李逵|25  |男  |chinese|60  |
|13  |李逵|25  |男  |math   |60  |
|13  |李逵|25  |男  |english|70  |
|13  |林冲|20  |男  |chinese|50  |
|13  |林冲|20  |男  |math   |60  |
|13  |林冲|20  |男  |english|50  |
|13  |王英|19  |女  |chinese|70  |
|13  |王英|19  |女  |math   |80  |
|13  |王英|19  |女  |english|70  |
+----+----+----+----+-------+----+

2. 一共有多少个小于20岁的人参加考试？
3. 一共有多少个等于20岁的人参加考试？
4. 一共有多少个大于20岁的人参加考试？
+---------+-----+
|age_group|count|
+---------+-----+
| age < 20|    2|
| age > 20|    2|
| age = 20|    2|
+---------+-----+

5. 一共有多个男生参加考试？
6. 一共有多少个女生参加考试？
+----+-----+
|性别|count|
+----+-----+
|  男|    4|
|  女|    2|
+----+-----+

7. 12班有多少人参加考试？
8. 13班有多少人参加考试？
+----+-----+
|班级|count|
+----+-----+
|  12|    3|
|  13|    3|
+----+-----+

9. 语文科目的平均成绩是多少？
10. 数学科目的平均成绩是多少？
11. 英语科目的平均成绩是多少？
+-------+------------------+
|   科目|     average_score|
+-------+------------------+
|chinese|58.333333333333336|
|english|63.333333333333336|
|   math|63.333333333333336|
+-------+------------------+

12. 每个人平均成绩是多少？
+----+------------------+
|姓名|     average_score|
+----+------------------+
|王英| 73.33333333333333|
|李逵|63.333333333333336|
|杨春|              70.0|
|宋江|              60.0|
|林冲|53.333333333333336|
|吴用|              50.0|
+----+------------------+

13. 12班平均成绩是多少？
16. 13班平均成绩是多少？
+----+------------------+
|班级|     average_score|
+----+------------------+
|  12|              60.0|
|  13|63.333333333333336|
+----+------------------+

14. 12班男生平均总成绩是多少？
15. 12班女生平均总成绩是多少？
17. 13班男生平均总成绩是多少？
18. 13班女生平均总成绩是多少？
+----+----+------------------+
|班级|性别|     average_score|
+----+----+------------------+
|  12|  女|              70.0|
|  12|  男|              55.0|
|  13|  女| 73.33333333333333|
|  13|  男|58.333333333333336|
+----+----+------------------+

19. 全校语文成绩最高分是多少？
+-------+---------+
|   科目|max_score|
+-------+---------+
|chinese|       70|
+-------+---------+

20. 12班语文成绩最低分是多少？
+----+-------+---------+
|班级|   科目|min_score|
+----+-------+---------+
|  12|chinese|       50|
+----+-------+---------+

21. 13班数学最高成绩是多少？
+----+----+---------+
|班级|科目|max_score|
+----+----+---------+
|  13|math|       80|
+----+----+---------+

22. 总成绩大于150分的12班的女生有几个？
22A. 总成绩大于150分的12班的女生有1个

23. 总成绩大于150分，且数学大于等于70，且年龄大于等于19岁的学生的平均成绩是多少？
+----+----+----+----+----+----+----+-----------+-----------------+
|班级|姓名|年龄|性别|科目|成绩|姓名|total_score|    average_score|
+----+----+----+----+----+----+----+-----------+-----------------+
|  12|杨春|  19|  女|math|  70|杨春|      210.0|             70.0|
|  13|王英|  19|  女|math|  80|王英|      220.0|73.33333333333333|
+----+----+----+----+----+----+----+-----------+-----------------+


Process finished with exit code 0
